This file contains any messages produced by compilers while
running configure, to aid debugging if configure makes a mistake.

It was created by JavaCodeSlayerPlugin configure 2.0.0, which was
generated by GNU Autoconf 2.68.  Invocation command line was

  $ /home/jeff/workspace/codeslayer.java-plugin/configure CFLAGS=-Wall -Werror -Wdeclaration-after-statement -g -O0 --prefix=/home/jeff/install --enable-codeslayer-dev=true PKG_CONFIG_PATH=/home/jeff/install/lib/pkgconfig

## --------- ##
## Platform. ##
## --------- ##

hostname = jeff-desktop
uname -m = x86_64
uname -r = 3.1.4-1-ARCH
uname -s = Linux
uname -v = #1 SMP PREEMPT Tue Nov 29 08:55:45 CET 2011

/usr/bin/uname -p = unknown
/bin/uname -X     = unknown

/bin/arch              = x86_64
/usr/bin/arch -k       = unknown
/usr/convex/getsysinfo = unknown
/usr/bin/hostinfo      = unknown
/bin/machine           = unknown
/usr/bin/oslevel       = unknown
/bin/universe          = unknown

PATH: /usr/local/bin
PATH: /usr/bin
PATH: /bin
PATH: /usr/local/sbin
PATH: /usr/sbin
PATH: /sbin
PATH: /usr/bin/core_perl
PATH: /opt/qt/bin
PATH: /home/jeff/jdk1.6.0_27/bin
PATH: /home/jeff/apache-ant-1.8.2/bin
PATH: /home/jeff/groovy-1.8.3/bin
PATH: /home/jeff/workspace/codeslayer.ejdb/bin


## ----------- ##
## Core tests. ##
## ----------- ##

configure:2154: checking for a BSD-compatible install
configure:2222: result: /bin/install -c
configure:2233: checking whether build environment is sane
configure:2283: result: yes
configure:2424: checking for a thread-safe mkdir -p
configure:2463: result: /bin/mkdir -p
configure:2476: checking for gawk
configure:2492: found /usr/bin/gawk
configure:2503: result: gawk
configure:2514: checking whether make sets $(MAKE)
configure:2536: result: yes
configure:2660: checking build system type
configure:2674: result: x86_64-unknown-linux-gnu
configure:2694: checking host system type
configure:2707: result: x86_64-unknown-linux-gnu
configure:2748: checking how to print strings
configure:2775: result: printf
configure:2808: checking for style of include used by make
configure:2836: result: GNU
configure:2906: checking for gcc
configure:2922: found /usr/bin/gcc
configure:2933: result: gcc
configure:3162: checking for C compiler version
configure:3171: gcc --version >&5
gcc (GCC) 4.6.2
Copyright (C) 2011 Free Software Foundation, Inc.
This is free software; see the source for copying conditions.  There is NO
warranty; not even for MERCHANTABILITY or FITNESS FOR A PARTICULAR PURPOSE.

configure:3182: $? = 0
configure:3171: gcc -v >&5
Using built-in specs.
COLLECT_GCC=gcc
COLLECT_LTO_WRAPPER=/usr/lib/gcc/x86_64-unknown-linux-gnu/4.6.2/lto-wrapper
Target: x86_64-unknown-linux-gnu
Configured with: /build/src/gcc-4.6.2/configure --prefix=/usr --libdir=/usr/lib --libexecdir=/usr/lib --mandir=/usr/share/man --infodir=/usr/share/info --with-bugurl=https://bugs.archlinux.org/ --enable-languages=c,c++,ada,fortran,go,lto,objc,obj-c++ --enable-shared --enable-threads=posix --with-system-zlib --enable-__cxa_atexit --disable-libunwind-exceptions --enable-clocale=gnu --enable-gnu-unique-object --enable-linker-build-id --with-ppl --enable-cloog-backend=isl --enable-lto --enable-gold --enable-ld=default --enable-plugin --with-plugin-ld=ld.gold --disable-multilib --disable-libssp --disable-libstdcxx-pch --enable-checking=release
Thread model: posix
gcc version 4.6.2 (GCC) 
configure:3182: $? = 0
configure:3171: gcc -V >&5
gcc: error: unrecognized option '-V'
gcc: fatal error: no input files
compilation terminated.
configure:3182: $? = 1
configure:3171: gcc -qversion >&5
gcc: error: unrecognized option '-qversion'
gcc: fatal error: no input files
compilation terminated.
configure:3182: $? = 1
configure:3202: checking whether the C compiler works
configure:3224: gcc -Wall -Werror -Wdeclaration-after-statement -g -O0   conftest.c  >&5
configure:3228: $? = 0
configure:3276: result: yes
configure:3279: checking for C compiler default output file name
configure:3281: result: a.out
configure:3287: checking for suffix of executables
configure:3294: gcc -o conftest -Wall -Werror -Wdeclaration-after-statement -g -O0   conftest.c  >&5
configure:3298: $? = 0
configure:3320: result: 
configure:3342: checking whether we are cross compiling
configure:3350: gcc -o conftest -Wall -Werror -Wdeclaration-after-statement -g -O0   conftest.c  >&5
configure:3354: $? = 0
configure:3361: ./conftest
configure:3365: $? = 0
configure:3380: result: no
configure:3385: checking for suffix of object files
configure:3407: gcc -c -Wall -Werror -Wdeclaration-after-statement -g -O0  conftest.c >&5
configure:3411: $? = 0
configure:3432: result: o
configure:3436: checking whether we are using the GNU C compiler
configure:3455: gcc -c -Wall -Werror -Wdeclaration-after-statement -g -O0  conftest.c >&5
configure:3455: $? = 0
configure:3464: result: yes
configure:3473: checking whether gcc accepts -g
configure:3493: gcc -c -g  conftest.c >&5
configure:3493: $? = 0
configure:3534: result: yes
configure:3551: checking for gcc option to accept ISO C89
configure:3615: gcc  -c -Wall -Werror -Wdeclaration-after-statement -g -O0  conftest.c >&5
configure:3615: $? = 0
configure:3628: result: none needed
configure:3650: checking dependency style of gcc
configure:3760: result: gcc3
configure:3775: checking for a sed that does not truncate output
configure:3839: result: /bin/sed
configure:3857: checking for grep that handles long lines and -e
configure:3915: result: /bin/grep
configure:3920: checking for egrep
configure:3982: result: /bin/grep -E
configure:3987: checking for fgrep
configure:4049: result: /bin/grep -F
configure:4084: checking for ld used by gcc
configure:4151: result: /usr/bin/ld
configure:4158: checking if the linker (/usr/bin/ld) is GNU ld
configure:4173: result: yes
configure:4185: checking for BSD- or MS-compatible name lister (nm)
configure:4234: result: /usr/bin/nm -B
configure:4364: checking the name lister (/usr/bin/nm -B) interface
configure:4371: gcc -c -Wall -Werror -Wdeclaration-after-statement -g -O0  conftest.c >&5
configure:4374: /usr/bin/nm -B "conftest.o"
configure:4377: output
0000000000000000 B some_variable
configure:4384: result: BSD nm
configure:4387: checking whether ln -s works
configure:4391: result: yes
configure:4399: checking the maximum length of command line arguments
configure:4529: result: 1572864
configure:4546: checking whether the shell understands some XSI constructs
configure:4556: result: yes
configure:4560: checking whether the shell understands "+="
configure:4566: result: yes
configure:4601: checking how to convert x86_64-unknown-linux-gnu file names to x86_64-unknown-linux-gnu format
configure:4641: result: func_convert_file_noop
configure:4648: checking how to convert x86_64-unknown-linux-gnu file names to toolchain format
configure:4668: result: func_convert_file_noop
configure:4675: checking for /usr/bin/ld option to reload object files
configure:4682: result: -r
configure:4756: checking for objdump
configure:4772: found /usr/bin/objdump
configure:4783: result: objdump
configure:4815: checking how to recognize dependent libraries
configure:5017: result: pass_all
configure:5102: checking for dlltool
configure:5132: result: no
configure:5162: checking how to associate runtime and link libraries
configure:5189: result: printf %s\n
configure:5250: checking for ar
configure:5266: found /usr/bin/ar
configure:5277: result: ar
configure:5314: checking for archiver @FILE support
configure:5331: gcc -c -Wall -Werror -Wdeclaration-after-statement -g -O0  conftest.c >&5
configure:5331: $? = 0
configure:5334: ar cru libconftest.a @conftest.lst >&5
configure:5337: $? = 0
configure:5342: ar cru libconftest.a @conftest.lst >&5
ar: conftest.o: No such file or directory
configure:5345: $? = 1
configure:5357: result: @
configure:5415: checking for strip
configure:5431: found /usr/bin/strip
configure:5442: result: strip
configure:5514: checking for ranlib
configure:5530: found /usr/bin/ranlib
configure:5541: result: ranlib
configure:5643: checking command to parse /usr/bin/nm -B output from gcc object
configure:5763: gcc -c -Wall -Werror -Wdeclaration-after-statement -g -O0  conftest.c >&5
configure:5766: $? = 0
configure:5770: /usr/bin/nm -B conftest.o \| sed -n -e 's/^.*[ ]\([ABCDGIRSTW][ABCDGIRSTW]*\)[ ][ ]*\([_A-Za-z][_A-Za-z0-9]*\)$/\1 \2 \2/p' | sed '/ __gnu_lto/d' \> conftest.nm
configure:5773: $? = 0
configure:5839: gcc -o conftest -Wall -Werror -Wdeclaration-after-statement -g -O0   conftest.c conftstm.o >&5
configure:5842: $? = 0
configure:5880: result: ok
configure:5917: checking for sysroot
configure:5947: result: no
configure:6024: gcc -c -Wall -Werror -Wdeclaration-after-statement -g -O0  conftest.c >&5
configure:6027: $? = 0
configure:6203: checking for mt
configure:6233: result: no
configure:6253: checking if : is a manifest tool
configure:6259: : '-?'
configure:6267: result: no
configure:6909: checking how to run the C preprocessor
configure:6940: gcc -E  conftest.c
configure:6940: $? = 0
configure:6954: gcc -E  conftest.c
conftest.c:11:28: fatal error: ac_nonexistent.h: No such file or directory
compilation terminated.
configure:6954: $? = 1
configure: failed program was:
| /* confdefs.h */
| #define PACKAGE_NAME "JavaCodeSlayerPlugin"
| #define PACKAGE_TARNAME "javacodeslayerplugin"
| #define PACKAGE_VERSION "2.0.0"
| #define PACKAGE_STRING "JavaCodeSlayerPlugin 2.0.0"
| #define PACKAGE_BUGREPORT "jeff.johnston.mn@gmail.com"
| #define PACKAGE_URL ""
| #define PACKAGE "javacodeslayerplugin"
| #define VERSION "2.0.0"
| /* end confdefs.h.  */
| #include <ac_nonexistent.h>
configure:6979: result: gcc -E
configure:6999: gcc -E  conftest.c
configure:6999: $? = 0
configure:7013: gcc -E  conftest.c
conftest.c:11:28: fatal error: ac_nonexistent.h: No such file or directory
compilation terminated.
configure:7013: $? = 1
configure: failed program was:
| /* confdefs.h */
| #define PACKAGE_NAME "JavaCodeSlayerPlugin"
| #define PACKAGE_TARNAME "javacodeslayerplugin"
| #define PACKAGE_VERSION "2.0.0"
| #define PACKAGE_STRING "JavaCodeSlayerPlugin 2.0.0"
| #define PACKAGE_BUGREPORT "jeff.johnston.mn@gmail.com"
| #define PACKAGE_URL ""
| #define PACKAGE "javacodeslayerplugin"
| #define VERSION "2.0.0"
| /* end confdefs.h.  */
| #include <ac_nonexistent.h>
configure:7042: checking for ANSI C header files
configure:7062: gcc -c -Wall -Werror -Wdeclaration-after-statement -g -O0  conftest.c >&5
configure:7062: $? = 0
configure:7135: gcc -o conftest -Wall -Werror -Wdeclaration-after-statement -g -O0   conftest.c  >&5
configure:7135: $? = 0
configure:7135: ./conftest
configure:7135: $? = 0
configure:7146: result: yes
configure:7159: checking for sys/types.h
configure:7159: gcc -c -Wall -Werror -Wdeclaration-after-statement -g -O0  conftest.c >&5
configure:7159: $? = 0
configure:7159: result: yes
configure:7159: checking for sys/stat.h
configure:7159: gcc -c -Wall -Werror -Wdeclaration-after-statement -g -O0  conftest.c >&5
configure:7159: $? = 0
configure:7159: result: yes
configure:7159: checking for stdlib.h
configure:7159: gcc -c -Wall -Werror -Wdeclaration-after-statement -g -O0  conftest.c >&5
configure:7159: $? = 0
configure:7159: result: yes
configure:7159: checking for string.h
configure:7159: gcc -c -Wall -Werror -Wdeclaration-after-statement -g -O0  conftest.c >&5
configure:7159: $? = 0
configure:7159: result: yes
configure:7159: checking for memory.h
configure:7159: gcc -c -Wall -Werror -Wdeclaration-after-statement -g -O0  conftest.c >&5
configure:7159: $? = 0
configure:7159: result: yes
configure:7159: checking for strings.h
configure:7159: gcc -c -Wall -Werror -Wdeclaration-after-statement -g -O0  conftest.c >&5
configure:7159: $? = 0
configure:7159: result: yes
configure:7159: checking for inttypes.h
configure:7159: gcc -c -Wall -Werror -Wdeclaration-after-statement -g -O0  conftest.c >&5
configure:7159: $? = 0
configure:7159: result: yes
configure:7159: checking for stdint.h
configure:7159: gcc -c -Wall -Werror -Wdeclaration-after-statement -g -O0  conftest.c >&5
configure:7159: $? = 0
configure:7159: result: yes
configure:7159: checking for unistd.h
configure:7159: gcc -c -Wall -Werror -Wdeclaration-after-statement -g -O0  conftest.c >&5
configure:7159: $? = 0
configure:7159: result: yes
configure:7173: checking for dlfcn.h
configure:7173: gcc -c -Wall -Werror -Wdeclaration-after-statement -g -O0  conftest.c >&5
configure:7173: $? = 0
configure:7173: result: yes
configure:7378: checking for objdir
configure:7393: result: .libs
configure:7664: checking if gcc supports -fno-rtti -fno-exceptions
configure:7682: gcc -c -Wall -Werror -Wdeclaration-after-statement -g -O0  -fno-rtti -fno-exceptions conftest.c >&5
cc1: error: command line option '-fno-rtti' is valid for C++/ObjC++ but not for C [-Werror]
cc1: all warnings being treated as errors

configure:7686: $? = 1
configure:7699: result: no
configure:8026: checking for gcc option to produce PIC
configure:8033: result: -fPIC -DPIC
configure:8041: checking if gcc PIC flag -fPIC -DPIC works
configure:8059: gcc -c -Wall -Werror -Wdeclaration-after-statement -g -O0  -fPIC -DPIC -DPIC conftest.c >&5
configure:8063: $? = 0
configure:8076: result: yes
configure:8105: checking if gcc static flag -static works
configure:8133: result: yes
configure:8148: checking if gcc supports -c -o file.o
configure:8169: gcc -c -Wall -Werror -Wdeclaration-after-statement -g -O0  -o out/conftest2.o conftest.c >&5
configure:8173: $? = 0
configure:8195: result: yes
configure:8203: checking if gcc supports -c -o file.o
configure:8250: result: yes
configure:8283: checking whether the gcc linker (/usr/bin/ld -m elf_x86_64) supports shared libraries
configure:9436: result: yes
configure:9473: checking whether -lc should be explicitly linked in
configure:9481: gcc -c -Wall -Werror -Wdeclaration-after-statement -g -O0  conftest.c >&5
configure:9484: $? = 0
configure:9499: gcc -shared  -fPIC -DPIC conftest.o  -v -Wl,-soname -Wl,conftest -o conftest 2\>\&1 \| /bin/grep  -lc  \>/dev/null 2\>\&1
configure:9502: $? = 0
configure:9516: result: no
configure:9676: checking dynamic linker characteristics
configure:10187: gcc -o conftest -Wall -Werror -Wdeclaration-after-statement -g -O0   -Wl,-rpath -Wl,/foo conftest.c  >&5
configure:10187: $? = 0
configure:10409: result: GNU/Linux ld.so
configure:10516: checking how to hardcode library paths into programs
configure:10541: result: immediate
configure:10635: checking for shl_load
configure:10635: gcc -o conftest -Wall -Werror -Wdeclaration-after-statement -g -O0   conftest.c  >&5
/tmp/ccX7GtqI.o: In function `main':
/home/jeff/workspace/codeslayer.java-plugin/build/conftest.c:57: undefined reference to `shl_load'
collect2: ld returned 1 exit status
configure:10635: $? = 1
configure: failed program was:
| /* confdefs.h */
| #define PACKAGE_NAME "JavaCodeSlayerPlugin"
| #define PACKAGE_TARNAME "javacodeslayerplugin"
| #define PACKAGE_VERSION "2.0.0"
| #define PACKAGE_STRING "JavaCodeSlayerPlugin 2.0.0"
| #define PACKAGE_BUGREPORT "jeff.johnston.mn@gmail.com"
| #define PACKAGE_URL ""
| #define PACKAGE "javacodeslayerplugin"
| #define VERSION "2.0.0"
| #define STDC_HEADERS 1
| #define HAVE_SYS_TYPES_H 1
| #define HAVE_SYS_STAT_H 1
| #define HAVE_STDLIB_H 1
| #define HAVE_STRING_H 1
| #define HAVE_MEMORY_H 1
| #define HAVE_STRINGS_H 1
| #define HAVE_INTTYPES_H 1
| #define HAVE_STDINT_H 1
| #define HAVE_UNISTD_H 1
| #define HAVE_DLFCN_H 1
| #define LT_OBJDIR ".libs/"
| /* end confdefs.h.  */
| /* Define shl_load to an innocuous variant, in case <limits.h> declares shl_load.
|    For example, HP-UX 11i <limits.h> declares gettimeofday.  */
| #define shl_load innocuous_shl_load
| 
| /* System header to define __stub macros and hopefully few prototypes,
|     which can conflict with char shl_load (); below.
|     Prefer <limits.h> to <assert.h> if __STDC__ is defined, since
|     <limits.h> exists even on freestanding compilers.  */
| 
| #ifdef __STDC__
| # include <limits.h>
| #else
| # include <assert.h>
| #endif
| 
| #undef shl_load
| 
| /* Override any GCC internal prototype to avoid an error.
|    Use char because int might match the return type of a GCC
|    builtin and then its argument prototype would still apply.  */
| #ifdef __cplusplus
| extern "C"
| #endif
| char shl_load ();
| /* The GNU C library defines this for functions which it implements
|     to always fail with ENOSYS.  Some functions are actually named
|     something starting with __ and the normal name is an alias.  */
| #if defined __stub_shl_load || defined __stub___shl_load
| choke me
| #endif
| 
| int
| main ()
| {
| return shl_load ();
|   ;
|   return 0;
| }
configure:10635: result: no
configure:10639: checking for shl_load in -ldld
configure:10664: gcc -o conftest -Wall -Werror -Wdeclaration-after-statement -g -O0   conftest.c -ldld   >&5
/usr/bin/ld: cannot find -ldld
collect2: ld returned 1 exit status
configure:10664: $? = 1
configure: failed program was:
| /* confdefs.h */
| #define PACKAGE_NAME "JavaCodeSlayerPlugin"
| #define PACKAGE_TARNAME "javacodeslayerplugin"
| #define PACKAGE_VERSION "2.0.0"
| #define PACKAGE_STRING "JavaCodeSlayerPlugin 2.0.0"
| #define PACKAGE_BUGREPORT "jeff.johnston.mn@gmail.com"
| #define PACKAGE_URL ""
| #define PACKAGE "javacodeslayerplugin"
| #define VERSION "2.0.0"
| #define STDC_HEADERS 1
| #define HAVE_SYS_TYPES_H 1
| #define HAVE_SYS_STAT_H 1
| #define HAVE_STDLIB_H 1
| #define HAVE_STRING_H 1
| #define HAVE_MEMORY_H 1
| #define HAVE_STRINGS_H 1
| #define HAVE_INTTYPES_H 1
| #define HAVE_STDINT_H 1
| #define HAVE_UNISTD_H 1
| #define HAVE_DLFCN_H 1
| #define LT_OBJDIR ".libs/"
| /* end confdefs.h.  */
| 
| /* Override any GCC internal prototype to avoid an error.
|    Use char because int might match the return type of a GCC
|    builtin and then its argument prototype would still apply.  */
| #ifdef __cplusplus
| extern "C"
| #endif
| char shl_load ();
| int
| main ()
| {
| return shl_load ();
|   ;
|   return 0;
| }
configure:10673: result: no
configure:10678: checking for dlopen
configure:10678: gcc -o conftest -Wall -Werror -Wdeclaration-after-statement -g -O0   conftest.c  >&5
/tmp/cct7NhBB.o: In function `main':
/home/jeff/workspace/codeslayer.java-plugin/build/conftest.c:57: undefined reference to `dlopen'
collect2: ld returned 1 exit status
configure:10678: $? = 1
configure: failed program was:
| /* confdefs.h */
| #define PACKAGE_NAME "JavaCodeSlayerPlugin"
| #define PACKAGE_TARNAME "javacodeslayerplugin"
| #define PACKAGE_VERSION "2.0.0"
| #define PACKAGE_STRING "JavaCodeSlayerPlugin 2.0.0"
| #define PACKAGE_BUGREPORT "jeff.johnston.mn@gmail.com"
| #define PACKAGE_URL ""
| #define PACKAGE "javacodeslayerplugin"
| #define VERSION "2.0.0"
| #define STDC_HEADERS 1
| #define HAVE_SYS_TYPES_H 1
| #define HAVE_SYS_STAT_H 1
| #define HAVE_STDLIB_H 1
| #define HAVE_STRING_H 1
| #define HAVE_MEMORY_H 1
| #define HAVE_STRINGS_H 1
| #define HAVE_INTTYPES_H 1
| #define HAVE_STDINT_H 1
| #define HAVE_UNISTD_H 1
| #define HAVE_DLFCN_H 1
| #define LT_OBJDIR ".libs/"
| /* end confdefs.h.  */
| /* Define dlopen to an innocuous variant, in case <limits.h> declares dlopen.
|    For example, HP-UX 11i <limits.h> declares gettimeofday.  */
| #define dlopen innocuous_dlopen
| 
| /* System header to define __stub macros and hopefully few prototypes,
|     which can conflict with char dlopen (); below.
|     Prefer <limits.h> to <assert.h> if __STDC__ is defined, since
|     <limits.h> exists even on freestanding compilers.  */
| 
| #ifdef __STDC__
| # include <limits.h>
| #else
| # include <assert.h>
| #endif
| 
| #undef dlopen
| 
| /* Override any GCC internal prototype to avoid an error.
|    Use char because int might match the return type of a GCC
|    builtin and then its argument prototype would still apply.  */
| #ifdef __cplusplus
| extern "C"
| #endif
| char dlopen ();
| /* The GNU C library defines this for functions which it implements
|     to always fail with ENOSYS.  Some functions are actually named
|     something starting with __ and the normal name is an alias.  */
| #if defined __stub_dlopen || defined __stub___dlopen
| choke me
| #endif
| 
| int
| main ()
| {
| return dlopen ();
|   ;
|   return 0;
| }
configure:10678: result: no
configure:10682: checking for dlopen in -ldl
configure:10707: gcc -o conftest -Wall -Werror -Wdeclaration-after-statement -g -O0   conftest.c -ldl   >&5
configure:10707: $? = 0
configure:10716: result: yes
configure:10835: checking whether a program can dlopen itself
configure:10915: gcc -o conftest -Wall -Werror -Wdeclaration-after-statement -g -O0  -DHAVE_DLFCN_H  -Wl,--export-dynamic conftest.c -ldl  >&5
configure:10918: $? = 0
configure:10936: result: yes
configure:10941: checking whether a statically linked program can dlopen itself
configure:11021: gcc -o conftest -Wall -Werror -Wdeclaration-after-statement -g -O0  -DHAVE_DLFCN_H  -Wl,--export-dynamic -static conftest.c -ldl  >&5
/tmp/ccCHd2hK.o: In function `main':
/home/jeff/workspace/codeslayer.java-plugin/build/configure:11000: warning: Using 'dlopen' in statically linked applications requires at runtime the shared libraries from the glibc version used for linking
/usr/bin/ld: dynamic STT_GNU_IFUNC symbol `strcmp' with pointer equality in `/usr/lib/gcc/x86_64-unknown-linux-gnu/4.6.2/../../../../lib/libc.a(strcmp.o)' can not be used when making an executable; recompile with -fPIE and relink with -pie
collect2: ld returned 1 exit status
configure:11024: $? = 1
configure:11042: result: no
configure:11081: checking whether stripping libraries is possible
configure:11086: result: yes
configure:11121: checking if libtool supports shared libraries
configure:11123: result: yes
configure:11126: checking whether to build shared libraries
configure:11147: result: yes
configure:11150: checking whether to build static libraries
configure:11154: result: yes
configure:11241: checking for gcc
configure:11268: result: gcc
configure:11497: checking for C compiler version
configure:11506: gcc --version >&5
gcc (GCC) 4.6.2
Copyright (C) 2011 Free Software Foundation, Inc.
This is free software; see the source for copying conditions.  There is NO
warranty; not even for MERCHANTABILITY or FITNESS FOR A PARTICULAR PURPOSE.

configure:11517: $? = 0
configure:11506: gcc -v >&5
Using built-in specs.
COLLECT_GCC=gcc
COLLECT_LTO_WRAPPER=/usr/lib/gcc/x86_64-unknown-linux-gnu/4.6.2/lto-wrapper
Target: x86_64-unknown-linux-gnu
Configured with: /build/src/gcc-4.6.2/configure --prefix=/usr --libdir=/usr/lib --libexecdir=/usr/lib --mandir=/usr/share/man --infodir=/usr/share/info --with-bugurl=https://bugs.archlinux.org/ --enable-languages=c,c++,ada,fortran,go,lto,objc,obj-c++ --enable-shared --enable-threads=posix --with-system-zlib --enable-__cxa_atexit --disable-libunwind-exceptions --enable-clocale=gnu --enable-gnu-unique-object --enable-linker-build-id --with-ppl --enable-cloog-backend=isl --enable-lto --enable-gold --enable-ld=default --enable-plugin --with-plugin-ld=ld.gold --disable-multilib --disable-libssp --disable-libstdcxx-pch --enable-checking=release
Thread model: posix
gcc version 4.6.2 (GCC) 
configure:11517: $? = 0
configure:11506: gcc -V >&5
gcc: error: unrecognized option '-V'
gcc: fatal error: no input files
compilation terminated.
configure:11517: $? = 1
configure:11506: gcc -qversion >&5
gcc: error: unrecognized option '-qversion'
gcc: fatal error: no input files
compilation terminated.
configure:11517: $? = 1
configure:11521: checking whether we are using the GNU C compiler
configure:11549: result: yes
configure:11558: checking whether gcc accepts -g
configure:11619: result: yes
configure:11636: checking for gcc option to accept ISO C89
configure:11713: result: none needed
configure:11735: checking dependency style of gcc
configure:11845: result: gcc3
configure:11862: checking whether gcc and cc understand -c and -o together
configure:11893: gcc -c conftest.c -o conftest2.o >&5
configure:11897: $? = 0
configure:11903: gcc -c conftest.c -o conftest2.o >&5
configure:11907: $? = 0
configure:11918: cc -c conftest.c >&5
configure:11922: $? = 0
configure:11930: cc -c conftest.c -o conftest2.o >&5
configure:11934: $? = 0
configure:11940: cc -c conftest.c -o conftest2.o >&5
configure:11944: $? = 0
configure:11962: result: yes
configure:12047: checking for pkg-config
configure:12065: found /usr/bin/pkg-config
configure:12077: result: /usr/bin/pkg-config
configure:12102: checking pkg-config is at least version 0.9.0
configure:12105: result: yes
configure:12115: checking for JAVACODESLAYERPLUGIN
configure:12127: $PKG_CONFIG --exists --print-errors "
    glib-2.0 >= 2.28.0
    gtk+-3.0 >= $GTK_REQUIRED_VERSION
    gtksourceview-3.0 >= 3.0.0
    codeslayer >= 2.0.0
"
configure:12135: $? = 0
configure:12159: $PKG_CONFIG --exists --print-errors "
    glib-2.0 >= 2.28.0
    gtk+-3.0 >= $GTK_REQUIRED_VERSION
    gtksourceview-3.0 >= 3.0.0
    codeslayer >= 2.0.0
"
configure:12167: $? = 0
configure:12245: result: yes
configure:12423: creating ./config.status

## ---------------------- ##
## Running config.status. ##
## ---------------------- ##

This file was extended by JavaCodeSlayerPlugin config.status 2.0.0, which was
generated by GNU Autoconf 2.68.  Invocation command line was

  CONFIG_FILES    = 
  CONFIG_HEADERS  = 
  CONFIG_LINKS    = 
  CONFIG_COMMANDS = 
  $ ./config.status 

on jeff-desktop

config.status:1022: creating java.codeslayer-plugin
config.status:1022: creating Makefile
config.status:1022: creating src/Makefile
config.status:1179: executing depfiles commands
config.status:1179: executing libtool commands

## ---------------- ##
## Cache variables. ##
## ---------------- ##

ac_cv_build=x86_64-unknown-linux-gnu
ac_cv_c_compiler_gnu=yes
ac_cv_env_CC_set=
ac_cv_env_CC_value=
ac_cv_env_CFLAGS_set=set
ac_cv_env_CFLAGS_value='-Wall -Werror -Wdeclaration-after-statement -g -O0'
ac_cv_env_CPPFLAGS_set=
ac_cv_env_CPPFLAGS_value=
ac_cv_env_CPP_set=
ac_cv_env_CPP_value=
ac_cv_env_JAVACODESLAYERPLUGIN_CFLAGS_set=
ac_cv_env_JAVACODESLAYERPLUGIN_CFLAGS_value=
ac_cv_env_JAVACODESLAYERPLUGIN_LIBS_set=
ac_cv_env_JAVACODESLAYERPLUGIN_LIBS_value=
ac_cv_env_LDFLAGS_set=
ac_cv_env_LDFLAGS_value=
ac_cv_env_LIBS_set=
ac_cv_env_LIBS_value=
ac_cv_env_PKG_CONFIG_LIBDIR_set=
ac_cv_env_PKG_CONFIG_LIBDIR_value=
ac_cv_env_PKG_CONFIG_PATH_set=set
ac_cv_env_PKG_CONFIG_PATH_value=/home/jeff/install/lib/pkgconfig
ac_cv_env_PKG_CONFIG_set=
ac_cv_env_PKG_CONFIG_value=
ac_cv_env_build_alias_set=
ac_cv_env_build_alias_value=
ac_cv_env_host_alias_set=
ac_cv_env_host_alias_value=
ac_cv_env_target_alias_set=
ac_cv_env_target_alias_value=
ac_cv_func_dlopen=no
ac_cv_func_shl_load=no
ac_cv_header_dlfcn_h=yes
ac_cv_header_inttypes_h=yes
ac_cv_header_memory_h=yes
ac_cv_header_stdc=yes
ac_cv_header_stdint_h=yes
ac_cv_header_stdlib_h=yes
ac_cv_header_string_h=yes
ac_cv_header_strings_h=yes
ac_cv_header_sys_stat_h=yes
ac_cv_header_sys_types_h=yes
ac_cv_header_unistd_h=yes
ac_cv_host=x86_64-unknown-linux-gnu
ac_cv_lib_dl_dlopen=yes
ac_cv_lib_dld_shl_load=no
ac_cv_objext=o
ac_cv_path_EGREP='/bin/grep -E'
ac_cv_path_FGREP='/bin/grep -F'
ac_cv_path_GREP=/bin/grep
ac_cv_path_SED=/bin/sed
ac_cv_path_ac_pt_PKG_CONFIG=/usr/bin/pkg-config
ac_cv_path_install='/bin/install -c'
ac_cv_path_mkdir=/bin/mkdir
ac_cv_prog_AWK=gawk
ac_cv_prog_CPP='gcc -E'
ac_cv_prog_ac_ct_AR=ar
ac_cv_prog_ac_ct_CC=gcc
ac_cv_prog_ac_ct_OBJDUMP=objdump
ac_cv_prog_ac_ct_RANLIB=ranlib
ac_cv_prog_ac_ct_STRIP=strip
ac_cv_prog_cc_c89=
ac_cv_prog_cc_g=yes
ac_cv_prog_cc_gcc_c_o=yes
ac_cv_prog_make_make_set=yes
am_cv_CC_dependencies_compiler_type=gcc3
lt_cv_ar_at_file=@
lt_cv_archive_cmds_need_lc=no
lt_cv_deplibs_check_method=pass_all
lt_cv_dlopen=dlopen
lt_cv_dlopen_libs=-ldl
lt_cv_dlopen_self=yes
lt_cv_dlopen_self_static=no
lt_cv_file_magic_cmd='$MAGIC_CMD'
lt_cv_file_magic_test_file=
lt_cv_ld_reload_flag=-r
lt_cv_nm_interface='BSD nm'
lt_cv_objdir=.libs
lt_cv_path_LD=/usr/bin/ld
lt_cv_path_NM='/usr/bin/nm -B'
lt_cv_path_mainfest_tool=no
lt_cv_prog_compiler_c_o=yes
lt_cv_prog_compiler_pic='-fPIC -DPIC'
lt_cv_prog_compiler_pic_works=yes
lt_cv_prog_compiler_rtti_exceptions=no
lt_cv_prog_compiler_static_works=yes
lt_cv_prog_gnu_ld=yes
lt_cv_sharedlib_from_linklib_cmd='printf %s\n'
lt_cv_shlibpath_overrides_runpath=no
lt_cv_sys_global_symbol_pipe='sed -n -e '\''s/^.*[	 ]\([ABCDGIRSTW][ABCDGIRSTW]*\)[	 ][	 ]*\([_A-Za-z][_A-Za-z0-9]*\)$/\1 \2 \2/p'\'' | sed '\''/ __gnu_lto/d'\'''
lt_cv_sys_global_symbol_to_c_name_address='sed -n -e '\''s/^: \([^ ]*\)[ ]*$/  {\"\1\", (void *) 0},/p'\'' -e '\''s/^[ABCDGIRSTW]* \([^ ]*\) \([^ ]*\)$/  {"\2", (void *) \&\2},/p'\'''
lt_cv_sys_global_symbol_to_c_name_address_lib_prefix='sed -n -e '\''s/^: \([^ ]*\)[ ]*$/  {\"\1\", (void *) 0},/p'\'' -e '\''s/^[ABCDGIRSTW]* \([^ ]*\) \(lib[^ ]*\)$/  {"\2", (void *) \&\2},/p'\'' -e '\''s/^[ABCDGIRSTW]* \([^ ]*\) \([^ ]*\)$/  {"lib\2", (void *) \&\2},/p'\'''
lt_cv_sys_global_symbol_to_cdecl='sed -n -e '\''s/^T .* \(.*\)$/extern int \1();/p'\'' -e '\''s/^[ABCDGIRSTW]* .* \(.*\)$/extern char \1;/p'\'''
lt_cv_sys_max_cmd_len=1572864
lt_cv_to_host_file_cmd=func_convert_file_noop
lt_cv_to_tool_file_cmd=func_convert_file_noop
pkg_cv_JAVACODESLAYERPLUGIN_CFLAGS='-DGSEAL_ENABLE -pthread -I/home/jeff/install/include/lcodeslayer -I/usr/include/glib-2.0 -I/usr/lib/glib-2.0/include -I/usr/include/gtk-3.0 -I/usr/include/atk-1.0 -I/usr/include/cairo -I/usr/include/gdk-pixbuf-2.0 -I/usr/include/pango-1.0 -I/usr/include/pixman-1 -I/usr/include/freetype2 -I/usr/include/libpng14 -I/usr/include/gtksourceview-3.0 -I/usr/include/libxml2  '
pkg_cv_JAVACODESLAYERPLUGIN_LIBS='-pthread -L/home/jeff/install/lib -lgtksourceview-3.0 -lcodeslayer -lgtk-3 -lgdk-3 -latk-1.0 -lgio-2.0 -lpangoft2-1.0 -lpangocairo-1.0 -lgdk_pixbuf-2.0 -lcairo-gobject -lcairo -lpango-1.0 -lfreetype -lfontconfig -lgobject-2.0 -lgmodule-2.0 -lgthread-2.0 -lrt -lglib-2.0  '

## ----------------- ##
## Output variables. ##
## ----------------- ##

ACLOCAL='${SHELL} /home/jeff/workspace/codeslayer.java-plugin/missing --run aclocal-1.11'
AMDEPBACKSLASH='\'
AMDEP_FALSE='#'
AMDEP_TRUE=''
AMTAR='${SHELL} /home/jeff/workspace/codeslayer.java-plugin/missing --run tar'
AR='ar'
AUTOCONF='${SHELL} /home/jeff/workspace/codeslayer.java-plugin/missing --run autoconf'
AUTOHEADER='${SHELL} /home/jeff/workspace/codeslayer.java-plugin/missing --run autoheader'
AUTOMAKE='${SHELL} /home/jeff/workspace/codeslayer.java-plugin/missing --run automake-1.11'
AWK='gawk'
CC='gcc'
CCDEPMODE='depmode=gcc3'
CFLAGS='-Wall -Werror -Wdeclaration-after-statement -g -O0'
CODESLAYER_HOME='.codeslayer-dev'
CPP='gcc -E'
CPPFLAGS=''
CYGPATH_W='echo'
DEFS='-DPACKAGE_NAME=\"JavaCodeSlayerPlugin\" -DPACKAGE_TARNAME=\"javacodeslayerplugin\" -DPACKAGE_VERSION=\"2.0.0\" -DPACKAGE_STRING=\"JavaCodeSlayerPlugin\ 2.0.0\" -DPACKAGE_BUGREPORT=\"jeff.johnston.mn@gmail.com\" -DPACKAGE_URL=\"\" -DPACKAGE=\"javacodeslayerplugin\" -DVERSION=\"2.0.0\" -DSTDC_HEADERS=1 -DHAVE_SYS_TYPES_H=1 -DHAVE_SYS_STAT_H=1 -DHAVE_STDLIB_H=1 -DHAVE_STRING_H=1 -DHAVE_MEMORY_H=1 -DHAVE_STRINGS_H=1 -DHAVE_INTTYPES_H=1 -DHAVE_STDINT_H=1 -DHAVE_UNISTD_H=1 -DHAVE_DLFCN_H=1 -DLT_OBJDIR=\".libs/\"'
DEPDIR='.deps'
DLLTOOL='false'
DSYMUTIL=''
DUMPBIN=''
ECHO_C=''
ECHO_N='-n'
ECHO_T=''
EGREP='/bin/grep -E'
EXEEXT=''
FGREP='/bin/grep -F'
GREP='/bin/grep'
GTK_REQUIRED_VERSION='3.0.0'
INSTALL_DATA='${INSTALL} -m 644'
INSTALL_PROGRAM='${INSTALL}'
INSTALL_SCRIPT='${INSTALL}'
INSTALL_STRIP_PROGRAM='$(install_sh) -c -s'
JAVACODESLAYERPLUGIN_CFLAGS='-DGSEAL_ENABLE -pthread -I/home/jeff/install/include/lcodeslayer -I/usr/include/glib-2.0 -I/usr/lib/glib-2.0/include -I/usr/include/gtk-3.0 -I/usr/include/atk-1.0 -I/usr/include/cairo -I/usr/include/gdk-pixbuf-2.0 -I/usr/include/pango-1.0 -I/usr/include/pixman-1 -I/usr/include/freetype2 -I/usr/include/libpng14 -I/usr/include/gtksourceview-3.0 -I/usr/include/libxml2  '
JAVACODESLAYERPLUGIN_LIBS='-pthread -L/home/jeff/install/lib -lgtksourceview-3.0 -lcodeslayer -lgtk-3 -lgdk-3 -latk-1.0 -lgio-2.0 -lpangoft2-1.0 -lpangocairo-1.0 -lgdk_pixbuf-2.0 -lcairo-gobject -lcairo -lpango-1.0 -lfreetype -lfontconfig -lgobject-2.0 -lgmodule-2.0 -lgthread-2.0 -lrt -lglib-2.0  '
LD='/usr/bin/ld -m elf_x86_64'
LDFLAGS=''
LIBOBJS=''
LIBS=''
LIBTOOL='$(SHELL) $(top_builddir)/libtool'
LIPO=''
LN_S='ln -s'
LTLIBOBJS=''
MAKEINFO='${SHELL} /home/jeff/workspace/codeslayer.java-plugin/missing --run makeinfo'
MANIFEST_TOOL=':'
MKDIR_P='/bin/mkdir -p'
NM='/usr/bin/nm -B'
NMEDIT=''
OBJDUMP='objdump'
OBJEXT='o'
OTOOL64=''
OTOOL=''
PACKAGE='javacodeslayerplugin'
PACKAGE_BUGREPORT='jeff.johnston.mn@gmail.com'
PACKAGE_NAME='JavaCodeSlayerPlugin'
PACKAGE_STRING='JavaCodeSlayerPlugin 2.0.0'
PACKAGE_TARNAME='javacodeslayerplugin'
PACKAGE_URL=''
PACKAGE_VERSION='2.0.0'
PATH_SEPARATOR=':'
PKG_CONFIG='/usr/bin/pkg-config'
PKG_CONFIG_LIBDIR=''
PKG_CONFIG_PATH='/home/jeff/install/lib/pkgconfig'
RANLIB='ranlib'
SED='/bin/sed'
SET_MAKE=''
SHELL='/bin/sh'
STRIP='strip'
VERSION='2.0.0'
ac_ct_AR='ar'
ac_ct_CC='gcc'
ac_ct_DUMPBIN=''
am__EXEEXT_FALSE=''
am__EXEEXT_TRUE='#'
am__fastdepCC_FALSE='#'
am__fastdepCC_TRUE=''
am__include='include'
am__isrc=' -I$(srcdir)'
am__leading_dot='.'
am__quote=''
am__tar='${AMTAR} chof - "$$tardir"'
am__untar='${AMTAR} xf -'
bindir='${exec_prefix}/bin'
build='x86_64-unknown-linux-gnu'
build_alias=''
build_cpu='x86_64'
build_os='linux-gnu'
build_vendor='unknown'
datadir='${datarootdir}'
datarootdir='${prefix}/share'
docdir='${datarootdir}/doc/${PACKAGE_TARNAME}'
dvidir='${docdir}'
exec_prefix='${prefix}'
host='x86_64-unknown-linux-gnu'
host_alias=''
host_cpu='x86_64'
host_os='linux-gnu'
host_vendor='unknown'
htmldir='${docdir}'
includedir='${prefix}/include'
infodir='${datarootdir}/info'
install_sh='${SHELL} /home/jeff/workspace/codeslayer.java-plugin/install-sh'
libdir='${exec_prefix}/lib'
libexecdir='${exec_prefix}/libexec'
localedir='${datarootdir}/locale'
localstatedir='${prefix}/var'
mandir='${datarootdir}/man'
mkdir_p='/bin/mkdir -p'
oldincludedir='/usr/include'
pdfdir='${docdir}'
prefix='/home/jeff/install'
program_transform_name='s,x,x,'
psdir='${docdir}'
sbindir='${exec_prefix}/sbin'
sharedstatedir='${prefix}/com'
sysconfdir='${prefix}/etc'
target_alias=''

## ----------- ##
## confdefs.h. ##
## ----------- ##

/* confdefs.h */
#define PACKAGE_NAME "JavaCodeSlayerPlugin"
#define PACKAGE_TARNAME "javacodeslayerplugin"
#define PACKAGE_VERSION "2.0.0"
#define PACKAGE_STRING "JavaCodeSlayerPlugin 2.0.0"
#define PACKAGE_BUGREPORT "jeff.johnston.mn@gmail.com"
#define PACKAGE_URL ""
#define PACKAGE "javacodeslayerplugin"
#define VERSION "2.0.0"
#define STDC_HEADERS 1
#define HAVE_SYS_TYPES_H 1
#define HAVE_SYS_STAT_H 1
#define HAVE_STDLIB_H 1
#define HAVE_STRING_H 1
#define HAVE_MEMORY_H 1
#define HAVE_STRINGS_H 1
#define HAVE_INTTYPES_H 1
#define HAVE_STDINT_H 1
#define HAVE_UNISTD_H 1
#define HAVE_DLFCN_H 1
#define LT_OBJDIR ".libs/"

configure: exit 0

## ---------------------- ##
## Running config.status. ##
## ---------------------- ##

This file was extended by JavaCodeSlayerPlugin config.status 2.0.0, which was
generated by GNU Autoconf 2.68.  Invocation command line was

  CONFIG_FILES    = 
  CONFIG_HEADERS  = 
  CONFIG_LINKS    = 
  CONFIG_COMMANDS = 
  $ ./config.status src/Makefile depfiles

on jeff-desktop

config.status:1022: creating src/Makefile
config.status:1179: executing depfiles commands

## ---------------------- ##
## Running config.status. ##
## ---------------------- ##

This file was extended by JavaCodeSlayerPlugin config.status 2.0.0, which was
generated by GNU Autoconf 2.68.  Invocation command line was

  CONFIG_FILES    = 
  CONFIG_HEADERS  = 
  CONFIG_LINKS    = 
  CONFIG_COMMANDS = 
  $ ./config.status src/Makefile depfiles

on jeff-desktop

config.status:1022: creating src/Makefile
config.status:1179: executing depfiles commands

## ---------------------- ##
## Running config.status. ##
## ---------------------- ##

This file was extended by JavaCodeSlayerPlugin config.status 2.0.0, which was
generated by GNU Autoconf 2.68.  Invocation command line was

  CONFIG_FILES    = 
  CONFIG_HEADERS  = 
  CONFIG_LINKS    = 
  CONFIG_COMMANDS = 
  $ ./config.status src/Makefile depfiles

on jeff-desktop

config.status:1022: creating src/Makefile
config.status:1179: executing depfiles commands

## ---------------------- ##
## Running config.status. ##
## ---------------------- ##

This file was extended by JavaCodeSlayerPlugin config.status 2.0.0, which was
generated by GNU Autoconf 2.68.  Invocation command line was

  CONFIG_FILES    = 
  CONFIG_HEADERS  = 
  CONFIG_LINKS    = 
  CONFIG_COMMANDS = 
  $ ./config.status src/Makefile depfiles

on jeff-desktop

config.status:1022: creating src/Makefile
config.status:1179: executing depfiles commands

## ---------------------- ##
## Running config.status. ##
## ---------------------- ##

This file was extended by JavaCodeSlayerPlugin config.status 2.0.0, which was
generated by GNU Autoconf 2.68.  Invocation command line was

  CONFIG_FILES    = 
  CONFIG_HEADERS  = 
  CONFIG_LINKS    = 
  CONFIG_COMMANDS = 
  $ ./config.status src/Makefile depfiles

on jeff-desktop

config.status:1022: creating src/Makefile
config.status:1179: executing depfiles commands

## ---------------------- ##
## Running config.status. ##
## ---------------------- ##

This file was extended by JavaCodeSlayerPlugin config.status 2.0.0, which was
generated by GNU Autoconf 2.68.  Invocation command line was

  CONFIG_FILES    = 
  CONFIG_HEADERS  = 
  CONFIG_LINKS    = 
  CONFIG_COMMANDS = 
  $ ./config.status src/Makefile depfiles

on jeff-desktop

config.status:1022: creating src/Makefile
config.status:1179: executing depfiles commands

## ---------------------- ##
## Running config.status. ##
## ---------------------- ##

This file was extended by JavaCodeSlayerPlugin config.status 2.0.0, which was
generated by GNU Autoconf 2.68.  Invocation command line was

  CONFIG_FILES    = 
  CONFIG_HEADERS  = 
  CONFIG_LINKS    = 
  CONFIG_COMMANDS = 
  $ ./config.status src/Makefile depfiles

on jeff-desktop

config.status:1022: creating src/Makefile
config.status:1179: executing depfiles commands

## ---------------------- ##
## Running config.status. ##
## ---------------------- ##

This file was extended by JavaCodeSlayerPlugin config.status 2.0.0, which was
generated by GNU Autoconf 2.68.  Invocation command line was

  CONFIG_FILES    = 
  CONFIG_HEADERS  = 
  CONFIG_LINKS    = 
  CONFIG_COMMANDS = 
  $ ./config.status src/Makefile depfiles

on jeff-desktop

config.status:1022: creating src/Makefile
config.status:1179: executing depfiles commands

## ---------------------- ##
## Running config.status. ##
## ---------------------- ##

This file was extended by JavaCodeSlayerPlugin config.status 2.0.0, which was
generated by GNU Autoconf 2.68.  Invocation command line was

  CONFIG_FILES    = 
  CONFIG_HEADERS  = 
  CONFIG_LINKS    = 
  CONFIG_COMMANDS = 
  $ ./config.status src/Makefile depfiles

on jeff-desktop

config.status:1022: creating src/Makefile
config.status:1179: executing depfiles commands
